Flutter crash report.
Please report a bug at https://github.com/flutter/flutter/issues.

## command

flutter run

## exception

RPCError: _flutter.listViews: (-32000) Service connection disposed

```
#0      VmService._call (package:vm_service/src/vm_service.dart:1774:7)
#1      VmService.callServiceExtension (package:vm_service/src/vm_service.dart:1726:14)
#2      VmService.callMethod (package:vm_service/src/vm_service.dart:1717:12)
#3      FlutterVmService.callMethodWrapper (package:flutter_tools/src/vmservice.dart:500:28)
#4      FlutterVmService.getFlutterViews (package:flutter_tools/src/vmservice.dart:912:51)
#5      HotRunner.attach (package:flutter_tools/src/run_hot.dart:303:63)
<asynchronous suspension>
#6      RunCommand.runCommand (package:flutter_tools/src/commands/run.dart:850:27)
<asynchronous suspension>
#7      FlutterCommand.run.<anonymous closure> (package:flutter_tools/src/runner/flutter_command.dart:1432:27)
<asynchronous suspension>
#8      AppContext.run.<anonymous closure> (package:flutter_tools/src/base/context.dart:153:19)
<asynchronous suspension>
#9      CommandRunner.runCommand (package:args/command_runner.dart:212:13)
<asynchronous suspension>
#10     FlutterCommandRunner.runCommand.<anonymous closure> (package:flutter_tools/src/runner/flutter_command_runner.dart:421:9)
<asynchronous suspension>
#11     AppContext.run.<anonymous closure> (package:flutter_tools/src/base/context.dart:153:19)
<asynchronous suspension>
#12     FlutterCommandRunner.runCommand (package:flutter_tools/src/runner/flutter_command_runner.dart:364:5)
<asynchronous suspension>
#13     run.<anonymous closure>.<anonymous closure> (package:flutter_tools/runner.dart:130:9)
<asynchronous suspension>
#14     AppContext.run.<anonymous closure> (package:flutter_tools/src/base/context.dart:153:19)
<asynchronous suspension>
#15     main (package:flutter_tools/executable.dart:93:3)
<asynchronous suspension>
```

## flutter doctor

```
[32m[✓][39m Flutter (Channel master, 3.24.0-1.0.pre.578, on Ubuntu 24.04 LTS 6.8.0-45-generic, locale
    en_US.UTF-8)
    [32m•[39m Flutter version 3.24.0-1.0.pre.578 on channel master at /usr/local/flutter
    [32m•[39m Upstream repository https://github.com/flutter/flutter.git
    [32m•[39m Framework revision 0e6c1d1015 (9 weeks ago), 2024-08-14 10:01:40 -0400
    [32m•[39m Engine revision 328c4df832
    [32m•[39m Dart version 3.6.0 (build 3.6.0-146.0.dev)
    [32m•[39m DevTools version 2.38.0

[32m[✓][39m Android toolchain - develop for Android devices (Android SDK version 35.0.0)
    [32m•[39m Android SDK at /home/kaifsaif/Android/Sdk
    [32m•[39m Platform android-35, build-tools 35.0.0
    [32m•[39m Java binary at: /snap/android-studio/161/jbr/bin/java
    [32m•[39m Java version OpenJDK Runtime Environment (build 17.0.10+0-17.0.10b1087.21-11609105)
    [32m•[39m All Android licenses accepted.

[32m[✓][39m Chrome - develop for the web
    [32m•[39m Chrome at google-chrome

[32m[✓][39m Linux toolchain - develop for Linux desktop
    [32m•[39m Ubuntu clang version 18.1.3 (1ubuntu1)
    [32m•[39m cmake version 3.28.3
    [32m•[39m ninja version 1.11.1
    [32m•[39m pkg-config version 1.8.1

[32m[✓][39m Android Studio (version 2024.1)
    [32m•[39m Android Studio at /snap/android-studio/161
    [32m•[39m Flutter plugin version 81.0.2
    [32m•[39m Dart plugin can be installed from:
      🔨 https://plugins.jetbrains.com/plugin/6351-dart
    [32m•[39m Java version OpenJDK Runtime Environment (build 17.0.10+0-17.0.10b1087.21-11609105)

[32m[✓][39m VS Code (version 1.94.2)
    [32m•[39m VS Code at /usr/share/code
    [32m•[39m Flutter extension version 3.98.0

[32m[✓][39m Connected device (3 available)
    [32m•[39m RMX2156 (mobile) • TC457LR4TO9PQGZ5 • android-arm64  • Android 12 (API 31)
    [32m•[39m Linux (desktop)  • linux            • linux-x64      • Ubuntu 24.04 LTS 6.8.0-45-generic
    [32m•[39m Chrome (web)     • chrome           • web-javascript • Google Chrome 127.0.6533.88

[32m[✓][39m Network resources
    [32m•[39m All expected network resources are available.

[32m•[39m No issues found!
```
